<?xml version="1.0" encoding="UTF-8" ?>
<testsuite tests="6" failures="0" name="com.fastcampus.ch4.dao.CommentDaoImplTest" time="0.323" errors="2" skipped="0">
  <properties>
[...]
</properties>
  <testcase classname="com.fastcampus.ch4.dao.CommentDaoImplTest" name="selectAll" time="0.074"/>
  <testcase classname="com.fastcampus.ch4.dao.CommentDaoImplTest" name="delete" time="0.038"/>
  <testcase classname="com.fastcampus.ch4.dao.CommentDaoImplTest" name="insert" time="0.082"/>
  <testcase classname="com.fastcampus.ch4.dao.CommentDaoImplTest" name="select" time="0.053">
    <error type="java.lang.NullPointerException">java.lang.NullPointerException
	at com.fastcampus.ch4.dao.CommentDaoImplTest.select(CommentDaoImplTest.java:73)
	at java.base/jdk.internal.reflect.NativeMethodAccessorImpl.invoke0(Native Method)
	at java.base/jdk.internal.reflect.NativeMethodAccessorImpl.invoke(NativeMethodAccessorImpl.java:62)
	at java.base/jdk.internal.reflect.DelegatingMethodAccessorImpl.invoke(DelegatingMethodAccessorImpl.java:43)
	at java.base/java.lang.reflect.Method.invoke(Method.java:566)
	at org.junit.runners.model.FrameworkMethod$1.runReflectiveCall(FrameworkMethod.java:50)
	at org.junit.internal.runners.model.ReflectiveCallable.run(ReflectiveCallable.java:12)
	at org.junit.runners.model.FrameworkMethod.invokeExplosively(FrameworkMethod.java:47)
	at org.junit.internal.runners.statements.InvokeMethod.evaluate(InvokeMethod.java:17)
	at org.springframework.test.context.junit4.statements.RunBeforeTestExecutionCallbacks.evaluate(RunBeforeTestExecutionCallbacks.java:73)
	at org.springframework.test.context.junit4.statements.RunAfterTestExecutionCallbacks.evaluate(RunAfterTestExecutionCallbacks.java:83)
	at org.springframework.test.context.junit4.statements.RunBeforeTestMethodCallbacks.evaluate(RunBeforeTestMethodCallbacks.java:75)
	at org.springframework.test.context.junit4.statements.RunAfterTestMethodCallbacks.evaluate(RunAfterTestMethodCallbacks.java:86)
	at org.springframework.test.context.junit4.statements.SpringRepeat.evaluate(SpringRepeat.java:84)
	at org.junit.runners.ParentRunner.runLeaf(ParentRunner.java:325)
	at org.springframework.test.context.junit4.SpringJUnit4ClassRunner.runChild(SpringJUnit4ClassRunner.java:251)
	at org.springframework.test.context.junit4.SpringJUnit4ClassRunner.runChild(SpringJUnit4ClassRunner.java:97)
	at org.junit.runners.ParentRunner$3.run(ParentRunner.java:290)
	at org.junit.runners.ParentRunner$1.schedule(ParentRunner.java:71)
	at org.junit.runners.ParentRunner.runChildren(ParentRunner.java:288)
	at org.junit.runners.ParentRunner.access$000(ParentRunner.java:58)
	at org.junit.runners.ParentRunner$2.evaluate(ParentRunner.java:268)
	at org.springframework.test.context.junit4.statements.RunBeforeTestClassCallbacks.evaluate(RunBeforeTestClassCallbacks.java:61)
	at org.springframework.test.context.junit4.statements.RunAfterTestClassCallbacks.evaluate(RunAfterTestClassCallbacks.java:70)
	at org.junit.runners.ParentRunner.run(ParentRunner.java:363)
	at org.springframework.test.context.junit4.SpringJUnit4ClassRunner.run(SpringJUnit4ClassRunner.java:190)
	at org.apache.maven.surefire.junit4.JUnit4Provider.execute(JUnit4Provider.java:252)
	at org.apache.maven.surefire.junit4.JUnit4Provider.executeTestSet(JUnit4Provider.java:141)
	at org.apache.maven.surefire.junit4.JUnit4Provider.invoke(JUnit4Provider.java:112)
	at java.base/jdk.internal.reflect.NativeMethodAccessorImpl.invoke0(Native Method)
	at java.base/jdk.internal.reflect.NativeMethodAccessorImpl.invoke(NativeMethodAccessorImpl.java:62)
	at java.base/jdk.internal.reflect.DelegatingMethodAccessorImpl.invoke(DelegatingMethodAccessorImpl.java:43)
	at java.base/java.lang.reflect.Method.invoke(Method.java:566)
	at org.apache.maven.surefire.util.ReflectionUtils.invokeMethodWithArray(ReflectionUtils.java:189)
	at org.apache.maven.surefire.booter.ProviderFactory$ProviderProxy.invoke(ProviderFactory.java:165)
	at org.apache.maven.surefire.booter.ProviderFactory.invokeProvider(ProviderFactory.java:85)
	at org.apache.maven.surefire.booter.ForkedBooter.runSuitesInProcess(ForkedBooter.java:115)
	at org.apache.maven.surefire.booter.ForkedBooter.main(ForkedBooter.java:75)
</error>
    <system-out>INFO : jdbc.connection - 363. Connection opened
INFO : jdbc.audit - 363. Connection.new Connection returned 
INFO : jdbc.audit - 363. Connection.getAutoCommit() returned true
INFO : jdbc.audit - 363. PreparedStatement.new PreparedStatement returned 
INFO : jdbc.audit - 363. Connection.prepareStatement(DELETE FROM comment
        WHERE  bno = ?) returned net.sf.log4jdbc.sql.jdbcapi.PreparedStatementSpy@7a583586
INFO : jdbc.audit - 363. PreparedStatement.setInt(1, 1) returned 
INFO : jdbc.sqlonly - DELETE FROM comment WHERE bno = 1 

INFO : jdbc.sqltiming - DELETE FROM comment WHERE bno = 1 
 {executed in 1 msec}
INFO : jdbc.audit - 363. PreparedStatement.execute() returned false
INFO : jdbc.audit - 363. PreparedStatement.getUpdateCount() returned 2
INFO : jdbc.audit - 363. PreparedStatement.close() returned 
INFO : jdbc.connection - 363. Connection closed
INFO : jdbc.audit - 363. Connection.close() returned 
INFO : jdbc.connection - 364. Connection opened
INFO : jdbc.audit - 364. Connection.new Connection returned 
INFO : jdbc.audit - 364. Connection.getAutoCommit() returned true
INFO : jdbc.audit - 364. PreparedStatement.new PreparedStatement returned 
INFO : jdbc.audit - 364. Connection.prepareStatement(INSERT INTO comment
            (bno, pcno, comment, commenter, reg_date, up_date)
        VALUES
            (?, ?, ?, ?, now(), now())) returned net.sf.log4jdbc.sql.jdbcapi.PreparedStatementSpy@100c8b75
INFO : jdbc.audit - 364. PreparedStatement.setInt(1, 1) returned 
INFO : jdbc.audit - 364. PreparedStatement.setInt(2, 0) returned 
INFO : jdbc.audit - 364. PreparedStatement.setString(3, &quot;comment&quot;) returned 
INFO : jdbc.audit - 364. PreparedStatement.setString(4, &quot;asdf&quot;) returned 
INFO : jdbc.sqlonly - INSERT INTO comment (bno, pcno, comment, commenter, reg_date, up_date) VALUES (1, 0, &apos;comment&apos;, 
&apos;asdf&apos;, now(), now()) 

INFO : jdbc.sqltiming - INSERT INTO comment (bno, pcno, comment, commenter, reg_date, up_date) VALUES (1, 0, &apos;comment&apos;, 
&apos;asdf&apos;, now(), now()) 
 {executed in 1 msec}
INFO : jdbc.audit - 364. PreparedStatement.execute() returned false
INFO : jdbc.audit - 364. PreparedStatement.getUpdateCount() returned 1
INFO : jdbc.audit - 364. PreparedStatement.close() returned 
INFO : jdbc.connection - 364. Connection closed
INFO : jdbc.audit - 364. Connection.close() returned 
INFO : jdbc.connection - 365. Connection opened
INFO : jdbc.audit - 365. Connection.new Connection returned 
INFO : jdbc.audit - 365. Connection.getAutoCommit() returned true
INFO : jdbc.audit - 365. PreparedStatement.new PreparedStatement returned 
INFO : jdbc.audit - 365. Connection.prepareStatement(SELECT count(*) FROM comment
        WHERE  bno = ?) returned net.sf.log4jdbc.sql.jdbcapi.PreparedStatementSpy@10f7918f
INFO : jdbc.audit - 365. PreparedStatement.setInt(1, 1) returned 
INFO : jdbc.sqlonly - SELECT count(*) FROM comment WHERE bno = 1 

INFO : jdbc.sqltiming - SELECT count(*) FROM comment WHERE bno = 1 
 {executed in 1 msec}
INFO : jdbc.audit - 365. PreparedStatement.execute() returned true
INFO : jdbc.resultset - 365. ResultSet.new ResultSet returned 
INFO : jdbc.audit - 365. PreparedStatement.getResultSet() returned net.sf.log4jdbc.sql.jdbcapi.ResultSetSpy@64d4f7c7
INFO : jdbc.resultset - 365. ResultSet.getMetaData() returned com.mysql.cj.jdbc.result.ResultSetMetaData@54e02f6a - Field level information: 
	com.mysql.cj.result.Field@17f3eefb[dbName=null,tableName=null,originalTableName=null,columnName=count(*),originalColumnName=null,mysqlType=8(FIELD_TYPE_BIGINT),sqlType=-5,flags= BINARY, charsetIndex=63, charsetName=ISO-8859-1]
INFO : jdbc.resultset - 365. ResultSet.getType() returned 1003
INFO : jdbc.resultset - 365. ResultSet.isClosed() returned false
INFO : jdbc.resultset - 365. ResultSet.next() returned true
INFO : jdbc.resultset - 365. ResultSet.getInt(count(*)) returned 1
INFO : jdbc.resultset - 365. ResultSet.isClosed() returned false
INFO : jdbc.resultsettable - 
|---------|
|count(*) |
|---------|
|1        |
|---------|

INFO : jdbc.resultset - 365. ResultSet.next() returned false
INFO : jdbc.resultset - 365. ResultSet.close() returned void
INFO : jdbc.audit - 365. PreparedStatement.getConnection() returned net.sf.log4jdbc.sql.jdbcapi.ConnectionSpy@788ddc1f
INFO : jdbc.audit - 365. Connection.getMetaData() returned com.mysql.cj.jdbc.DatabaseMetaDataUsingInfoSchema@2dc3271b
INFO : jdbc.audit - 365. PreparedStatement.getMoreResults() returned false
INFO : jdbc.audit - 365. PreparedStatement.getUpdateCount() returned -1
INFO : jdbc.audit - 365. PreparedStatement.close() returned 
INFO : jdbc.connection - 365. Connection closed
INFO : jdbc.audit - 365. Connection.close() returned 
INFO : jdbc.connection - 366. Connection opened
INFO : jdbc.audit - 366. Connection.new Connection returned 
INFO : jdbc.audit - 366. Connection.getAutoCommit() returned true
INFO : jdbc.audit - 366. PreparedStatement.new PreparedStatement returned 
INFO : jdbc.audit - 366. Connection.prepareStatement(SELECT cno, bno, pcno, comment, commenter, reg_date, up_date
        FROM comment
        WHERE bno = ?
        ORDER BY reg_date ASC, cno ASC) returned net.sf.log4jdbc.sql.jdbcapi.PreparedStatementSpy@3d0035d2
INFO : jdbc.audit - 366. PreparedStatement.setInt(1, 1) returned 
INFO : jdbc.sqlonly - SELECT cno, bno, pcno, comment, commenter, reg_date, up_date FROM comment WHERE bno = 1 ORDER 
BY reg_date ASC, cno ASC 

INFO : jdbc.sqltiming - SELECT cno, bno, pcno, comment, commenter, reg_date, up_date FROM comment WHERE bno = 1 ORDER 
BY reg_date ASC, cno ASC 
 {executed in 0 msec}
INFO : jdbc.audit - 366. PreparedStatement.execute() returned true
INFO : jdbc.resultset - 366. ResultSet.new ResultSet returned 
INFO : jdbc.audit - 366. PreparedStatement.getResultSet() returned net.sf.log4jdbc.sql.jdbcapi.ResultSetSpy@2bfb6b49
INFO : jdbc.resultset - 366. ResultSet.getMetaData() returned com.mysql.cj.jdbc.result.ResultSetMetaData@1f346ad2 - Field level information: 
	com.mysql.cj.result.Field@46a145ba[dbName=springbasic,tableName=comment,originalTableName=comment,columnName=cno,originalColumnName=cno,mysqlType=3(FIELD_TYPE_INT),sqlType=4,flags= AUTO_INCREMENT PRIMARY_KEY, charsetIndex=63, charsetName=ISO-8859-1]
	com.mysql.cj.result.Field@7ab34619[dbName=springbasic,tableName=comment,originalTableName=comment,columnName=bno,originalColumnName=bno,mysqlType=3(FIELD_TYPE_INT),sqlType=4,flags=, charsetIndex=63, charsetName=ISO-8859-1]
	com.mysql.cj.result.Field@ae2db25[dbName=springbasic,tableName=comment,originalTableName=comment,columnName=pcno,originalColumnName=pcno,mysqlType=3(FIELD_TYPE_INT),sqlType=4,flags=, charsetIndex=63, charsetName=ISO-8859-1]
	com.mysql.cj.result.Field@363c4251[dbName=springbasic,tableName=comment,originalTableName=comment,columnName=comment,originalColumnName=comment,mysqlType=253(FIELD_TYPE_VARCHAR),sqlType=12,flags=, charsetIndex=33, charsetName=utf8]
	com.mysql.cj.result.Field@7afc4db9[dbName=springbasic,tableName=comment,originalTableName=comment,columnName=commenter,originalColumnName=commenter,mysqlType=253(FIELD_TYPE_VARCHAR),sqlType=12,flags=, charsetIndex=33, charsetName=utf8]
	com.mysql.cj.result.Field@1a1f5f71[dbName=springbasic,tableName=comment,originalTableName=comment,columnName=reg_date,originalColumnName=reg_date,mysqlType=12(FIELD_TYPE_DATETIME),sqlType=93,flags= BINARY, charsetIndex=63, charsetName=ISO-8859-1]
	com.mysql.cj.result.Field@63884e4[dbName=springbasic,tableName=comment,originalTableName=comment,columnName=up_date,originalColumnName=up_date,mysqlType=12(FIELD_TYPE_DATETIME),sqlType=93,flags= BINARY, charsetIndex=63, charsetName=ISO-8859-1]
INFO : jdbc.resultset - 366. ResultSet.getType() returned 1003
INFO : jdbc.resultset - 366. ResultSet.isClosed() returned false
INFO : jdbc.resultset - 366. ResultSet.next() returned true
INFO : jdbc.resultset - 366. ResultSet.isClosed() returned false
INFO : jdbc.resultsettable - 
|----|----|-----|--------|----------|---------|--------|
|cno |bno |pcno |comment |commenter |reg_date |up_date |
|----|----|-----|--------|----------|---------|--------|
|----|----|-----|--------|----------|---------|--------|

INFO : jdbc.resultset - 366. ResultSet.next() returned false
INFO : jdbc.resultset - 366. ResultSet.close() returned void
INFO : jdbc.audit - 366. PreparedStatement.getConnection() returned net.sf.log4jdbc.sql.jdbcapi.ConnectionSpy@4acb7ecc
INFO : jdbc.audit - 366. Connection.getMetaData() returned com.mysql.cj.jdbc.DatabaseMetaDataUsingInfoSchema@2a4f5433
INFO : jdbc.audit - 366. PreparedStatement.getMoreResults() returned false
INFO : jdbc.audit - 366. PreparedStatement.getUpdateCount() returned -1
INFO : jdbc.audit - 366. PreparedStatement.close() returned 
INFO : jdbc.connection - 366. Connection closed
INFO : jdbc.audit - 366. Connection.close() returned 
list [null]
</system-out>
  </testcase>
  <testcase classname="com.fastcampus.ch4.dao.CommentDaoImplTest" name="update" time="0.048">
    <error type="java.lang.NullPointerException">java.lang.NullPointerException
	at com.fastcampus.ch4.dao.CommentDaoImplTest.update(CommentDaoImplTest.java:89)
	at java.base/jdk.internal.reflect.NativeMethodAccessorImpl.invoke0(Native Method)
	at java.base/jdk.internal.reflect.NativeMethodAccessorImpl.invoke(NativeMethodAccessorImpl.java:62)
	at java.base/jdk.internal.reflect.DelegatingMethodAccessorImpl.invoke(DelegatingMethodAccessorImpl.java:43)
	at java.base/java.lang.reflect.Method.invoke(Method.java:566)
	at org.junit.runners.model.FrameworkMethod$1.runReflectiveCall(FrameworkMethod.java:50)
	at org.junit.internal.runners.model.ReflectiveCallable.run(ReflectiveCallable.java:12)
	at org.junit.runners.model.FrameworkMethod.invokeExplosively(FrameworkMethod.java:47)
	at org.junit.internal.runners.statements.InvokeMethod.evaluate(InvokeMethod.java:17)
	at org.springframework.test.context.junit4.statements.RunBeforeTestExecutionCallbacks.evaluate(RunBeforeTestExecutionCallbacks.java:73)
	at org.springframework.test.context.junit4.statements.RunAfterTestExecutionCallbacks.evaluate(RunAfterTestExecutionCallbacks.java:83)
	at org.springframework.test.context.junit4.statements.RunBeforeTestMethodCallbacks.evaluate(RunBeforeTestMethodCallbacks.java:75)
	at org.springframework.test.context.junit4.statements.RunAfterTestMethodCallbacks.evaluate(RunAfterTestMethodCallbacks.java:86)
	at org.springframework.test.context.junit4.statements.SpringRepeat.evaluate(SpringRepeat.java:84)
	at org.junit.runners.ParentRunner.runLeaf(ParentRunner.java:325)
	at org.springframework.test.context.junit4.SpringJUnit4ClassRunner.runChild(SpringJUnit4ClassRunner.java:251)
	at org.springframework.test.context.junit4.SpringJUnit4ClassRunner.runChild(SpringJUnit4ClassRunner.java:97)
	at org.junit.runners.ParentRunner$3.run(ParentRunner.java:290)
	at org.junit.runners.ParentRunner$1.schedule(ParentRunner.java:71)
	at org.junit.runners.ParentRunner.runChildren(ParentRunner.java:288)
	at org.junit.runners.ParentRunner.access$000(ParentRunner.java:58)
	at org.junit.runners.ParentRunner$2.evaluate(ParentRunner.java:268)
	at org.springframework.test.context.junit4.statements.RunBeforeTestClassCallbacks.evaluate(RunBeforeTestClassCallbacks.java:61)
	at org.springframework.test.context.junit4.statements.RunAfterTestClassCallbacks.evaluate(RunAfterTestClassCallbacks.java:70)
	at org.junit.runners.ParentRunner.run(ParentRunner.java:363)
	at org.springframework.test.context.junit4.SpringJUnit4ClassRunner.run(SpringJUnit4ClassRunner.java:190)
	at org.apache.maven.surefire.junit4.JUnit4Provider.execute(JUnit4Provider.java:252)
	at org.apache.maven.surefire.junit4.JUnit4Provider.executeTestSet(JUnit4Provider.java:141)
	at org.apache.maven.surefire.junit4.JUnit4Provider.invoke(JUnit4Provider.java:112)
	at java.base/jdk.internal.reflect.NativeMethodAccessorImpl.invoke0(Native Method)
	at java.base/jdk.internal.reflect.NativeMethodAccessorImpl.invoke(NativeMethodAccessorImpl.java:62)
	at java.base/jdk.internal.reflect.DelegatingMethodAccessorImpl.invoke(DelegatingMethodAccessorImpl.java:43)
	at java.base/java.lang.reflect.Method.invoke(Method.java:566)
	at org.apache.maven.surefire.util.ReflectionUtils.invokeMethodWithArray(ReflectionUtils.java:189)
	at org.apache.maven.surefire.booter.ProviderFactory$ProviderProxy.invoke(ProviderFactory.java:165)
	at org.apache.maven.surefire.booter.ProviderFactory.invokeProvider(ProviderFactory.java:85)
	at org.apache.maven.surefire.booter.ForkedBooter.runSuitesInProcess(ForkedBooter.java:115)
	at org.apache.maven.surefire.booter.ForkedBooter.main(ForkedBooter.java:75)
</error>
    <system-out>INFO : jdbc.connection - 367. Connection opened
INFO : jdbc.audit - 367. Connection.new Connection returned 
INFO : jdbc.audit - 367. Connection.getAutoCommit() returned true
INFO : jdbc.audit - 367. PreparedStatement.new PreparedStatement returned 
INFO : jdbc.audit - 367. Connection.prepareStatement(DELETE FROM comment
        WHERE  bno = ?) returned net.sf.log4jdbc.sql.jdbcapi.PreparedStatementSpy@753aca85
INFO : jdbc.audit - 367. PreparedStatement.setInt(1, 1) returned 
INFO : jdbc.sqlonly - DELETE FROM comment WHERE bno = 1 

INFO : jdbc.sqltiming - DELETE FROM comment WHERE bno = 1 
 {executed in 1 msec}
INFO : jdbc.audit - 367. PreparedStatement.execute() returned false
INFO : jdbc.audit - 367. PreparedStatement.getUpdateCount() returned 1
INFO : jdbc.audit - 367. PreparedStatement.close() returned 
INFO : jdbc.connection - 367. Connection closed
INFO : jdbc.audit - 367. Connection.close() returned 
INFO : jdbc.connection - 368. Connection opened
INFO : jdbc.audit - 368. Connection.new Connection returned 
INFO : jdbc.audit - 368. Connection.getAutoCommit() returned true
INFO : jdbc.audit - 368. PreparedStatement.new PreparedStatement returned 
INFO : jdbc.audit - 368. Connection.prepareStatement(INSERT INTO comment
            (bno, pcno, comment, commenter, reg_date, up_date)
        VALUES
            (?, ?, ?, ?, now(), now())) returned net.sf.log4jdbc.sql.jdbcapi.PreparedStatementSpy@1e1e9ef3
INFO : jdbc.audit - 368. PreparedStatement.setInt(1, 1) returned 
INFO : jdbc.audit - 368. PreparedStatement.setInt(2, 0) returned 
INFO : jdbc.audit - 368. PreparedStatement.setString(3, &quot;comment&quot;) returned 
INFO : jdbc.audit - 368. PreparedStatement.setString(4, &quot;asdf&quot;) returned 
INFO : jdbc.sqlonly - INSERT INTO comment (bno, pcno, comment, commenter, reg_date, up_date) VALUES (1, 0, &apos;comment&apos;, 
&apos;asdf&apos;, now(), now()) 

INFO : jdbc.sqltiming - INSERT INTO comment (bno, pcno, comment, commenter, reg_date, up_date) VALUES (1, 0, &apos;comment&apos;, 
&apos;asdf&apos;, now(), now()) 
 {executed in 1 msec}
INFO : jdbc.audit - 368. PreparedStatement.execute() returned false
INFO : jdbc.audit - 368. PreparedStatement.getUpdateCount() returned 1
INFO : jdbc.audit - 368. PreparedStatement.close() returned 
INFO : jdbc.connection - 368. Connection closed
INFO : jdbc.audit - 368. Connection.close() returned 
INFO : jdbc.connection - 369. Connection opened
INFO : jdbc.audit - 369. Connection.new Connection returned 
INFO : jdbc.audit - 369. Connection.getAutoCommit() returned true
INFO : jdbc.audit - 369. PreparedStatement.new PreparedStatement returned 
INFO : jdbc.audit - 369. Connection.prepareStatement(SELECT count(*) FROM comment
        WHERE  bno = ?) returned net.sf.log4jdbc.sql.jdbcapi.PreparedStatementSpy@3240b2a4
INFO : jdbc.audit - 369. PreparedStatement.setInt(1, 1) returned 
INFO : jdbc.sqlonly - SELECT count(*) FROM comment WHERE bno = 1 

INFO : jdbc.sqltiming - SELECT count(*) FROM comment WHERE bno = 1 
 {executed in 0 msec}
INFO : jdbc.audit - 369. PreparedStatement.execute() returned true
INFO : jdbc.resultset - 369. ResultSet.new ResultSet returned 
INFO : jdbc.audit - 369. PreparedStatement.getResultSet() returned net.sf.log4jdbc.sql.jdbcapi.ResultSetSpy@58434b19
INFO : jdbc.resultset - 369. ResultSet.getMetaData() returned com.mysql.cj.jdbc.result.ResultSetMetaData@7d3fb0ef - Field level information: 
	com.mysql.cj.result.Field@7dbe2ebf[dbName=null,tableName=null,originalTableName=null,columnName=count(*),originalColumnName=null,mysqlType=8(FIELD_TYPE_BIGINT),sqlType=-5,flags= BINARY, charsetIndex=63, charsetName=ISO-8859-1]
INFO : jdbc.resultset - 369. ResultSet.getType() returned 1003
INFO : jdbc.resultset - 369. ResultSet.isClosed() returned false
INFO : jdbc.resultset - 369. ResultSet.next() returned true
INFO : jdbc.resultset - 369. ResultSet.getInt(count(*)) returned 1
INFO : jdbc.resultset - 369. ResultSet.isClosed() returned false
INFO : jdbc.resultsettable - 
|---------|
|count(*) |
|---------|
|1        |
|---------|

INFO : jdbc.resultset - 369. ResultSet.next() returned false
INFO : jdbc.resultset - 369. ResultSet.close() returned void
INFO : jdbc.audit - 369. PreparedStatement.getConnection() returned net.sf.log4jdbc.sql.jdbcapi.ConnectionSpy@885e7ff
INFO : jdbc.audit - 369. Connection.getMetaData() returned com.mysql.cj.jdbc.DatabaseMetaDataUsingInfoSchema@8bd86c8
INFO : jdbc.audit - 369. PreparedStatement.getMoreResults() returned false
INFO : jdbc.audit - 369. PreparedStatement.getUpdateCount() returned -1
INFO : jdbc.audit - 369. PreparedStatement.close() returned 
INFO : jdbc.connection - 369. Connection closed
INFO : jdbc.audit - 369. Connection.close() returned 
INFO : jdbc.connection - 370. Connection opened
INFO : jdbc.audit - 370. Connection.new Connection returned 
INFO : jdbc.audit - 370. Connection.getAutoCommit() returned true
INFO : jdbc.audit - 370. PreparedStatement.new PreparedStatement returned 
INFO : jdbc.audit - 370. Connection.prepareStatement(SELECT cno, bno, pcno, comment, commenter, reg_date, up_date
        FROM comment
        WHERE bno = ?
        ORDER BY reg_date ASC, cno ASC) returned net.sf.log4jdbc.sql.jdbcapi.PreparedStatementSpy@2d3ef181
INFO : jdbc.audit - 370. PreparedStatement.setInt(1, 1) returned 
INFO : jdbc.sqlonly - SELECT cno, bno, pcno, comment, commenter, reg_date, up_date FROM comment WHERE bno = 1 ORDER 
BY reg_date ASC, cno ASC 

INFO : jdbc.sqltiming - SELECT cno, bno, pcno, comment, commenter, reg_date, up_date FROM comment WHERE bno = 1 ORDER 
BY reg_date ASC, cno ASC 
 {executed in 0 msec}
INFO : jdbc.audit - 370. PreparedStatement.execute() returned true
INFO : jdbc.resultset - 370. ResultSet.new ResultSet returned 
INFO : jdbc.audit - 370. PreparedStatement.getResultSet() returned net.sf.log4jdbc.sql.jdbcapi.ResultSetSpy@a2341c6
INFO : jdbc.resultset - 370. ResultSet.getMetaData() returned com.mysql.cj.jdbc.result.ResultSetMetaData@6e4c0d8c - Field level information: 
	com.mysql.cj.result.Field@3e3315d9[dbName=springbasic,tableName=comment,originalTableName=comment,columnName=cno,originalColumnName=cno,mysqlType=3(FIELD_TYPE_INT),sqlType=4,flags= AUTO_INCREMENT PRIMARY_KEY, charsetIndex=63, charsetName=ISO-8859-1]
	com.mysql.cj.result.Field@64db4967[dbName=springbasic,tableName=comment,originalTableName=comment,columnName=bno,originalColumnName=bno,mysqlType=3(FIELD_TYPE_INT),sqlType=4,flags=, charsetIndex=63, charsetName=ISO-8859-1]
	com.mysql.cj.result.Field@74e6094b[dbName=springbasic,tableName=comment,originalTableName=comment,columnName=pcno,originalColumnName=pcno,mysqlType=3(FIELD_TYPE_INT),sqlType=4,flags=, charsetIndex=63, charsetName=ISO-8859-1]
	com.mysql.cj.result.Field@7a485a36[dbName=springbasic,tableName=comment,originalTableName=comment,columnName=comment,originalColumnName=comment,mysqlType=253(FIELD_TYPE_VARCHAR),sqlType=12,flags=, charsetIndex=33, charsetName=utf8]
	com.mysql.cj.result.Field@5cf3157b[dbName=springbasic,tableName=comment,originalTableName=comment,columnName=commenter,originalColumnName=commenter,mysqlType=253(FIELD_TYPE_VARCHAR),sqlType=12,flags=, charsetIndex=33, charsetName=utf8]
	com.mysql.cj.result.Field@625dfff3[dbName=springbasic,tableName=comment,originalTableName=comment,columnName=reg_date,originalColumnName=reg_date,mysqlType=12(FIELD_TYPE_DATETIME),sqlType=93,flags= BINARY, charsetIndex=63, charsetName=ISO-8859-1]
	com.mysql.cj.result.Field@26350ea2[dbName=springbasic,tableName=comment,originalTableName=comment,columnName=up_date,originalColumnName=up_date,mysqlType=12(FIELD_TYPE_DATETIME),sqlType=93,flags= BINARY, charsetIndex=63, charsetName=ISO-8859-1]
INFO : jdbc.resultset - 370. ResultSet.getType() returned 1003
INFO : jdbc.resultset - 370. ResultSet.isClosed() returned false
INFO : jdbc.resultset - 370. ResultSet.next() returned true
INFO : jdbc.resultset - 370. ResultSet.isClosed() returned false
INFO : jdbc.resultsettable - 
|----|----|-----|--------|----------|---------|--------|
|cno |bno |pcno |comment |commenter |reg_date |up_date |
|----|----|-----|--------|----------|---------|--------|
|----|----|-----|--------|----------|---------|--------|

INFO : jdbc.resultset - 370. ResultSet.next() returned false
INFO : jdbc.resultset - 370. ResultSet.close() returned void
INFO : jdbc.audit - 370. PreparedStatement.getConnection() returned net.sf.log4jdbc.sql.jdbcapi.ConnectionSpy@5a08efdc
INFO : jdbc.audit - 370. Connection.getMetaData() returned com.mysql.cj.jdbc.DatabaseMetaDataUsingInfoSchema@57272109
INFO : jdbc.audit - 370. PreparedStatement.getMoreResults() returned false
INFO : jdbc.audit - 370. PreparedStatement.getUpdateCount() returned -1
INFO : jdbc.audit - 370. PreparedStatement.close() returned 
INFO : jdbc.connection - 370. Connection closed
INFO : jdbc.audit - 370. Connection.close() returned 
</system-out>
  </testcase>
  <testcase classname="com.fastcampus.ch4.dao.CommentDaoImplTest" name="count" time="0.028"/>
</testsuite>